Using pre-set license
Built from '2021.2/staging' branch; Version is '2021.2.10f1 (ee872746220e) revision 15632167'; Using compiler version '192829333'; Build Type 'Release'
OS: 'Windows 10  (10.0.19042) 64bit Enterprise' Language: 'en' Physical Memory: 65481 MB
BatchMode: 1, IsHumanControllingUs: 0, StartBugReporterOnCrash: 0, Is64bit: 1, IsPro: 0

COMMAND LINE ARGUMENTS:
C:\Program Files\Unity\Hub\Editor\2021.2.10f1\Editor\Unity.exe
-adb2
-batchMode
-noUpm
-name
AssetImportWorker2
-projectPath
C:/Users/Arvin/Documents/Texavie Github/TEX/GloveUnityDemo
-logFile
Logs/AssetImportWorker2.log
-srvPort
52763
Successfully changed project path to: C:/Users/Arvin/Documents/Texavie Github/TEX/GloveUnityDemo
C:/Users/Arvin/Documents/Texavie Github/TEX/GloveUnityDemo
[UnityMemory] Configuration Parameters - Can be set up in boot.config
    "memorysetup-bucket-allocator-granularity=16"
    "memorysetup-bucket-allocator-bucket-count=8"
    "memorysetup-bucket-allocator-block-size=33554432"
    "memorysetup-bucket-allocator-block-count=8"
    "memorysetup-main-allocator-block-size=16777216"
    "memorysetup-thread-allocator-block-size=16777216"
    "memorysetup-gfx-main-allocator-block-size=16777216"
    "memorysetup-gfx-thread-allocator-block-size=16777216"
    "memorysetup-cache-allocator-block-size=4194304"
    "memorysetup-typetree-allocator-block-size=2097152"
    "memorysetup-profiler-bucket-allocator-granularity=16"
    "memorysetup-profiler-bucket-allocator-bucket-count=8"
    "memorysetup-profiler-bucket-allocator-block-size=33554432"
    "memorysetup-profiler-bucket-allocator-block-count=8"
    "memorysetup-profiler-allocator-block-size=16777216"
    "memorysetup-profiler-editor-allocator-block-size=1048576"
    "memorysetup-temp-allocator-size-main=16777216"
    "memorysetup-job-temp-allocator-block-size=2097152"
    "memorysetup-job-temp-allocator-block-size-background=1048576"
    "memorysetup-job-temp-allocator-reduction-small-platforms=262144"
    "memorysetup-temp-allocator-size-background-worker=32768"
    "memorysetup-temp-allocator-size-job-worker=262144"
    "memorysetup-temp-allocator-size-preload-manager=33554432"
    "memorysetup-temp-allocator-size-nav-mesh-worker=65536"
    "memorysetup-temp-allocator-size-audio-worker=65536"
    "memorysetup-temp-allocator-size-cloud-worker=32768"
    "memorysetup-temp-allocator-size-gi-baking-worker=262144"
    "memorysetup-temp-allocator-size-gfx=262144"
Refreshing native plugins compatible for Editor in 48.41 ms, found 4 plugins.
Preloading 0 native plugins for Editor in 0.00 ms.
Initialize engine version: 2021.2.10f1 (ee872746220e)
[Subsystems] Discovering subsystems at path C:/Program Files/Unity/Hub/Editor/2021.2.10f1/Editor/Data/Resources/UnitySubsystems
[Subsystems] Discovering subsystems at path C:/Users/Arvin/Documents/Texavie Github/TEX/GloveUnityDemo/Assets
GfxDevice: creating device client; threaded=0; jobified=0
Direct3D:
    Version:  Direct3D 11.0 [level 11.1]
    Renderer: NVIDIA GeForce RTX 2080 Ti (ID=0x1e07)
    Vendor:   NVIDIA
    VRAM:     11049 MB
    Driver:   27.21.14.5671
Initialize mono
Mono path[0] = 'C:/Program Files/Unity/Hub/Editor/2021.2.10f1/Editor/Data/Managed'
Mono path[1] = 'C:/Program Files/Unity/Hub/Editor/2021.2.10f1/Editor/Data/MonoBleedingEdge/lib/mono/unityjit-win32'
Mono config path = 'C:/Program Files/Unity/Hub/Editor/2021.2.10f1/Editor/Data/MonoBleedingEdge/etc'
Using monoOptions --debugger-agent=transport=dt_socket,embedding=1,server=y,suspend=n,address=127.0.0.1:56176
Begin MonoManager ReloadAssembly
Registering precompiled unity dll's ...
Register platform support module: C:/Program Files/Unity/Hub/Editor/2021.2.10f1/Editor/Data/PlaybackEngines/WindowsStandaloneSupport/UnityEditor.WindowsStandalone.Extensions.dll
Registered in 0.010135 seconds.
Native extension for WindowsStandalone target not found
Refreshing native plugins compatible for Editor in 37.81 ms, found 4 plugins.
Preloading 0 native plugins for Editor in 0.00 ms.
Mono: successfully reloaded assembly
- Completed reload, in  0.532 seconds
Domain Reload Profiling:
	ReloadAssembly (533ms)
		BeginReloadAssembly (65ms)
			ExecutionOrderSort (0ms)
			DisableScriptedObjects (0ms)
			BackupInstance (0ms)
			ReleaseScriptingObjects (0ms)
			CreateAndSetChildDomain (1ms)
		EndReloadAssembly (383ms)
			LoadAssemblies (63ms)
			RebuildTransferFunctionScriptingTraits (0ms)
			SetupTypeCache (93ms)
			ReleaseScriptCaches (0ms)
			RebuildScriptCaches (24ms)
			SetupLoadedEditorAssemblies (219ms)
				LogAssemblyErrors (0ms)
				InitializePlatformSupportModulesInManaged (13ms)
				SetLoadedEditorAssemblies (0ms)
				RefreshPlugins (38ms)
				BeforeProcessingInitializeOnLoad (1ms)
				ProcessInitializeOnLoadAttributes (123ms)
				ProcessInitializeOnLoadMethodAttributes (43ms)
				AfterProcessingInitializeOnLoad (0ms)
				EditorAssembliesLoaded (0ms)
			ExecutionOrderSort2 (0ms)
			AwakeInstancesAfterBackupRestoration (0ms)
Platform modules already initialized, skipping
Registering precompiled user dll's ...
Registered in 0.005503 seconds.
Begin MonoManager ReloadAssembly
Native extension for WindowsStandalone target not found
Refreshing native plugins compatible for Editor in 0.59 ms, found 4 plugins.
Preloading 0 native plugins for Editor in 0.00 ms.
Package Manager log level set to [2]
Mono: successfully reloaded assembly
- Completed reload, in  0.884 seconds
Domain Reload Profiling:
	ReloadAssembly (885ms)
		BeginReloadAssembly (100ms)
			ExecutionOrderSort (0ms)
			DisableScriptedObjects (5ms)
			BackupInstance (0ms)
			ReleaseScriptingObjects (0ms)
			CreateAndSetChildDomain (16ms)
		EndReloadAssembly (701ms)
			LoadAssemblies (68ms)
			RebuildTransferFunctionScriptingTraits (0ms)
			SetupTypeCache (163ms)
			ReleaseScriptCaches (0ms)
			RebuildScriptCaches (44ms)
			SetupLoadedEditorAssemblies (393ms)
				LogAssemblyErrors (0ms)
				InitializePlatformSupportModulesInManaged (11ms)
				SetLoadedEditorAssemblies (0ms)
				RefreshPlugins (1ms)
				BeforeProcessingInitializeOnLoad (66ms)
				ProcessInitializeOnLoadAttributes (214ms)
				ProcessInitializeOnLoadMethodAttributes (92ms)
				AfterProcessingInitializeOnLoad (9ms)
				EditorAssembliesLoaded (0ms)
			ExecutionOrderSort2 (0ms)
			AwakeInstancesAfterBackupRestoration (6ms)
Platform modules already initialized, skipping
========================================================================
Worker process is ready to serve import requests
Launched and connected shader compiler UnityShaderCompiler.exe after 0.06 seconds
Refreshing native plugins compatible for Editor in 0.77 ms, found 4 plugins.
Preloading 0 native plugins for Editor in 0.00 ms.
Unloading 2304 Unused Serialized files (Serialized files now loaded: 0)
Unloading 61 unused Assets / (57.3 KB). Loaded Objects now: 2739.
Memory consumption went from 90.7 MB to 90.6 MB.
Total: 4.804700 ms (FindLiveObjects: 0.222500 ms CreateObjectMapping: 0.149600 ms MarkObjects: 4.359500 ms  DeleteObjects: 0.072400 ms)

AssetImportParameters requested are different than current active one (requested -> active):
  custom:video-decoder-ogg-theora: a1e56fd34408186e4bbccfd4996cb3dc -> 
  custom:container-muxer-webm: aa71ff27fc2769a1b78a27578f13a17b -> 
  custom:container-demuxer-webm: 4f35f7cbe854078d1ac9338744f61a02 -> 
  custom:video-encoder-webm-vp8: eb34c28f22e8b96e1ab97ce403110664 -> 
  custom:audio-encoder-webm-vorbis: bf7c407c2cedff20999df2af8eb42d56 -> 
  custom:framework-win-MediaFoundation: 216162199b28c13a410421893ffa2e32 -> 
  custom:container-demuxer-ogg: 62fdf1f143b41e24485cea50d1cbac27 -> 
  custom:video-decoder-webm-vp8: 9c59270c3fd7afecdb556c50c9e8de78 -> 
  custom:audio-decoder-ogg-vorbis: bf7c407c2cedff20999df2af8eb42d56 -> 
========================================================================
Received Import Request.
  Time since last request: 3610.616614 seconds.
  path: Assets/HandyHandPack/Textures/WinterGloves_Black_Albedo.png
  artifactKey: Guid(05390f431e56591408d60f64b5402976) Importer(815301076,1909f56bfc062723c751e8b465ee728b)
Start importing Assets/HandyHandPack/Textures/WinterGloves_Black_Albedo.png using Guid(05390f431e56591408d60f64b5402976) Importer(815301076,1909f56bfc062723c751e8b465ee728b)  -> (artifact id: '81fd181329b0017de8c66ad4253cbd87') in 0.478850 seconds 
========================================================================
Received Import Request.
  Time since last request: 0.000018 seconds.
  path: Assets/HandyHandPack/Textures/CombatGlove_Green_Albedo.png
  artifactKey: Guid(a7b1f84b25ba85844b38e057767a0c5c) Importer(815301076,1909f56bfc062723c751e8b465ee728b)
Start importing Assets/HandyHandPack/Textures/CombatGlove_Green_Albedo.png using Guid(a7b1f84b25ba85844b38e057767a0c5c) Importer(815301076,1909f56bfc062723c751e8b465ee728b)  -> (artifact id: '49c311bf5f3498bdc6bbd28f33a9ff4c') in 0.076794 seconds 
========================================================================
Received Import Request.
  Time since last request: 0.000018 seconds.
  path: Assets/HandyHandPack/Textures/CombatGlove_Albedo.png
  artifactKey: Guid(7ca8a26431e1f9c40854f67bf3309d23) Importer(815301076,1909f56bfc062723c751e8b465ee728b)
Start importing Assets/HandyHandPack/Textures/CombatGlove_Albedo.png using Guid(7ca8a26431e1f9c40854f67bf3309d23) Importer(815301076,1909f56bfc062723c751e8b465ee728b)  -> (artifact id: 'd59c63bec3c9d5ea6c1762aa5c4d7b15') in 0.265764 seconds 
========================================================================
Received Import Request.
  Time since last request: 0.000024 seconds.
  path: Assets/HandyHandPack/Textures/GardenGlove_Occlusion.png
  artifactKey: Guid(faafc359974840d4a9851eb00988cb7b) Importer(815301076,1909f56bfc062723c751e8b465ee728b)
Start importing Assets/HandyHandPack/Textures/GardenGlove_Occlusion.png using Guid(faafc359974840d4a9851eb00988cb7b) Importer(815301076,1909f56bfc062723c751e8b465ee728b)  -> (artifact id: '374fcd6f48dbe890763cac78f11da9e1') in 0.139040 seconds 
========================================================================
Received Import Request.
  Time since last request: 0.000018 seconds.
  path: Assets/HandyHandPack/Textures/RobotHand_Gold_Normal.tga
  artifactKey: Guid(d06716604cffa894c9da35366d58d8db) Importer(815301076,1909f56bfc062723c751e8b465ee728b)
Start importing Assets/HandyHandPack/Textures/RobotHand_Gold_Normal.tga using Guid(d06716604cffa894c9da35366d58d8db) Importer(815301076,1909f56bfc062723c751e8b465ee728b)  -> (artifact id: 'd43e820481220aa5df72400cfdce9482') in 0.288668 seconds 
========================================================================
Received Import Request.
  Time since last request: 168.729154 seconds.
  path: Assets/MaleHand_R.cs
  artifactKey: Guid(ab8b6492b47547f458f4419e66b79dca) Importer(815301076,1909f56bfc062723c751e8b465ee728b)
Start importing Assets/MaleHand_R.cs using Guid(ab8b6492b47547f458f4419e66b79dca) Importer(815301076,1909f56bfc062723c751e8b465ee728b)  -> (artifact id: 'cd8334857f53e64fd41ba2e9c330ff0a') in 0.905825 seconds 
