Using pre-set license
Built from '2021.2/staging' branch; Version is '2021.2.10f1 (ee872746220e) revision 15632167'; Using compiler version '192829333'; Build Type 'Release'
OS: 'Windows 10  (10.0.19042) 64bit Enterprise' Language: 'en' Physical Memory: 65481 MB
BatchMode: 1, IsHumanControllingUs: 0, StartBugReporterOnCrash: 0, Is64bit: 1, IsPro: 0

COMMAND LINE ARGUMENTS:
C:\Program Files\Unity\Hub\Editor\2021.2.10f1\Editor\Unity.exe
-adb2
-batchMode
-noUpm
-name
AssetImportWorker0
-projectPath
C:/Users/Arvin/Documents/Texavie Github/TEX/GloveUnityDemo
-logFile
Logs/AssetImportWorker0.log
-srvPort
52763
Successfully changed project path to: C:/Users/Arvin/Documents/Texavie Github/TEX/GloveUnityDemo
C:/Users/Arvin/Documents/Texavie Github/TEX/GloveUnityDemo
[UnityMemory] Configuration Parameters - Can be set up in boot.config
    "memorysetup-bucket-allocator-granularity=16"
    "memorysetup-bucket-allocator-bucket-count=8"
    "memorysetup-bucket-allocator-block-size=33554432"
    "memorysetup-bucket-allocator-block-count=8"
    "memorysetup-main-allocator-block-size=16777216"
    "memorysetup-thread-allocator-block-size=16777216"
    "memorysetup-gfx-main-allocator-block-size=16777216"
    "memorysetup-gfx-thread-allocator-block-size=16777216"
    "memorysetup-cache-allocator-block-size=4194304"
    "memorysetup-typetree-allocator-block-size=2097152"
    "memorysetup-profiler-bucket-allocator-granularity=16"
    "memorysetup-profiler-bucket-allocator-bucket-count=8"
    "memorysetup-profiler-bucket-allocator-block-size=33554432"
    "memorysetup-profiler-bucket-allocator-block-count=8"
    "memorysetup-profiler-allocator-block-size=16777216"
    "memorysetup-profiler-editor-allocator-block-size=1048576"
    "memorysetup-temp-allocator-size-main=16777216"
    "memorysetup-job-temp-allocator-block-size=2097152"
    "memorysetup-job-temp-allocator-block-size-background=1048576"
    "memorysetup-job-temp-allocator-reduction-small-platforms=262144"
    "memorysetup-temp-allocator-size-background-worker=32768"
    "memorysetup-temp-allocator-size-job-worker=262144"
    "memorysetup-temp-allocator-size-preload-manager=33554432"
    "memorysetup-temp-allocator-size-nav-mesh-worker=65536"
    "memorysetup-temp-allocator-size-audio-worker=65536"
    "memorysetup-temp-allocator-size-cloud-worker=32768"
    "memorysetup-temp-allocator-size-gi-baking-worker=262144"
    "memorysetup-temp-allocator-size-gfx=262144"
Refreshing native plugins compatible for Editor in 53.94 ms, found 4 plugins.
Preloading 0 native plugins for Editor in 0.00 ms.
Initialize engine version: 2021.2.10f1 (ee872746220e)
[Subsystems] Discovering subsystems at path C:/Program Files/Unity/Hub/Editor/2021.2.10f1/Editor/Data/Resources/UnitySubsystems
[Subsystems] Discovering subsystems at path C:/Users/Arvin/Documents/Texavie Github/TEX/GloveUnityDemo/Assets
GfxDevice: creating device client; threaded=0; jobified=0
Direct3D:
    Version:  Direct3D 11.0 [level 11.1]
    Renderer: NVIDIA GeForce RTX 2080 Ti (ID=0x1e07)
    Vendor:   NVIDIA
    VRAM:     11049 MB
    Driver:   27.21.14.5671
Initialize mono
Mono path[0] = 'C:/Program Files/Unity/Hub/Editor/2021.2.10f1/Editor/Data/Managed'
Mono path[1] = 'C:/Program Files/Unity/Hub/Editor/2021.2.10f1/Editor/Data/MonoBleedingEdge/lib/mono/unityjit-win32'
Mono config path = 'C:/Program Files/Unity/Hub/Editor/2021.2.10f1/Editor/Data/MonoBleedingEdge/etc'
Using monoOptions --debugger-agent=transport=dt_socket,embedding=1,server=y,suspend=n,address=127.0.0.1:56996
Begin MonoManager ReloadAssembly
Registering precompiled unity dll's ...
Register platform support module: C:/Program Files/Unity/Hub/Editor/2021.2.10f1/Editor/Data/PlaybackEngines/WindowsStandaloneSupport/UnityEditor.WindowsStandalone.Extensions.dll
Registered in 0.093224 seconds.
Native extension for WindowsStandalone target not found
Refreshing native plugins compatible for Editor in 40.34 ms, found 4 plugins.
Preloading 0 native plugins for Editor in 0.00 ms.
Mono: successfully reloaded assembly
- Completed reload, in  3.500 seconds
Domain Reload Profiling:
	ReloadAssembly (3500ms)
		BeginReloadAssembly (2515ms)
			ExecutionOrderSort (0ms)
			DisableScriptedObjects (0ms)
			BackupInstance (0ms)
			ReleaseScriptingObjects (0ms)
			CreateAndSetChildDomain (1ms)
		EndReloadAssembly (665ms)
			LoadAssemblies (2513ms)
			RebuildTransferFunctionScriptingTraits (0ms)
			SetupTypeCache (372ms)
			ReleaseScriptCaches (0ms)
			RebuildScriptCaches (25ms)
			SetupLoadedEditorAssemblies (220ms)
				LogAssemblyErrors (0ms)
				InitializePlatformSupportModulesInManaged (15ms)
				SetLoadedEditorAssemblies (0ms)
				RefreshPlugins (40ms)
				BeforeProcessingInitializeOnLoad (1ms)
				ProcessInitializeOnLoadAttributes (123ms)
				ProcessInitializeOnLoadMethodAttributes (41ms)
				AfterProcessingInitializeOnLoad (0ms)
				EditorAssembliesLoaded (0ms)
			ExecutionOrderSort2 (0ms)
			AwakeInstancesAfterBackupRestoration (0ms)
Platform modules already initialized, skipping
Registering precompiled user dll's ...
Registered in 0.008121 seconds.
Begin MonoManager ReloadAssembly
Native extension for WindowsStandalone target not found
Refreshing native plugins compatible for Editor in 0.61 ms, found 4 plugins.
Preloading 0 native plugins for Editor in 0.00 ms.
Package Manager log level set to [2]
Mono: successfully reloaded assembly
- Completed reload, in  1.871 seconds
Domain Reload Profiling:
	ReloadAssembly (1872ms)
		BeginReloadAssembly (95ms)
			ExecutionOrderSort (0ms)
			DisableScriptedObjects (5ms)
			BackupInstance (0ms)
			ReleaseScriptingObjects (0ms)
			CreateAndSetChildDomain (16ms)
		EndReloadAssembly (1692ms)
			LoadAssemblies (77ms)
			RebuildTransferFunctionScriptingTraits (0ms)
			SetupTypeCache (491ms)
			ReleaseScriptCaches (0ms)
			RebuildScriptCaches (39ms)
			SetupLoadedEditorAssemblies (1051ms)
				LogAssemblyErrors (0ms)
				InitializePlatformSupportModulesInManaged (11ms)
				SetLoadedEditorAssemblies (0ms)
				RefreshPlugins (1ms)
				BeforeProcessingInitializeOnLoad (66ms)
				ProcessInitializeOnLoadAttributes (257ms)
				ProcessInitializeOnLoadMethodAttributes (706ms)
				AfterProcessingInitializeOnLoad (10ms)
				EditorAssembliesLoaded (0ms)
			ExecutionOrderSort2 (0ms)
			AwakeInstancesAfterBackupRestoration (6ms)
Platform modules already initialized, skipping
========================================================================
Worker process is ready to serve import requests
Launched and connected shader compiler UnityShaderCompiler.exe after 0.06 seconds
Refreshing native plugins compatible for Editor in 0.55 ms, found 4 plugins.
Preloading 0 native plugins for Editor in 0.00 ms.
Unloading 2304 Unused Serialized files (Serialized files now loaded: 0)
Unloading 61 unused Assets / (57.3 KB). Loaded Objects now: 2739.
Memory consumption went from 90.7 MB to 90.6 MB.
Total: 4.785700 ms (FindLiveObjects: 0.207200 ms CreateObjectMapping: 0.155600 ms MarkObjects: 4.361100 ms  DeleteObjects: 0.061200 ms)

AssetImportParameters requested are different than current active one (requested -> active):
  custom:video-decoder-ogg-theora: a1e56fd34408186e4bbccfd4996cb3dc -> 
  custom:container-muxer-webm: aa71ff27fc2769a1b78a27578f13a17b -> 
  custom:container-demuxer-webm: 4f35f7cbe854078d1ac9338744f61a02 -> 
  custom:video-encoder-webm-vp8: eb34c28f22e8b96e1ab97ce403110664 -> 
  custom:audio-encoder-webm-vorbis: bf7c407c2cedff20999df2af8eb42d56 -> 
  custom:framework-win-MediaFoundation: 216162199b28c13a410421893ffa2e32 -> 
  custom:container-demuxer-ogg: 62fdf1f143b41e24485cea50d1cbac27 -> 
  custom:video-decoder-webm-vp8: 9c59270c3fd7afecdb556c50c9e8de78 -> 
  custom:audio-decoder-ogg-vorbis: bf7c407c2cedff20999df2af8eb42d56 -> 
========================================================================
Received Import Request.
  Time since last request: 1408.640684 seconds.
  path: Assets/Dataset/March28_2022
  artifactKey: Guid(ed23963b1602df64ba4903809307bf21) Importer(815301076,1909f56bfc062723c751e8b465ee728b)
Start importing Assets/Dataset/March28_2022 using Guid(ed23963b1602df64ba4903809307bf21) Importer(815301076,1909f56bfc062723c751e8b465ee728b)  -> (artifact id: '94c3b713248e7fbf9980b3307df5bb48') in 0.047756 seconds 
========================================================================
Received Import Request.
  Time since last request: 5.998392 seconds.
  path: Assets/HandyHandPack/Scenes/SampleScene.unity
  artifactKey: Guid(280b48a226892fb4d84ba24e82a6da24) Importer(815301076,1909f56bfc062723c751e8b465ee728b)
Start importing Assets/HandyHandPack/Scenes/SampleScene.unity using Guid(280b48a226892fb4d84ba24e82a6da24) Importer(815301076,1909f56bfc062723c751e8b465ee728b)  -> (artifact id: '728aca224d37953c8c99c7b19239f83a') in 0.045009 seconds 
========================================================================
Received Import Request.
  Time since last request: 2192.697088 seconds.
  path: Assets/HandyHandPack/Textures/BasicHand_Dark_Albedo.png
  artifactKey: Guid(ee96d880b214d084681ddbec8fa5fb77) Importer(815301076,1909f56bfc062723c751e8b465ee728b)
Start importing Assets/HandyHandPack/Textures/BasicHand_Dark_Albedo.png using Guid(ee96d880b214d084681ddbec8fa5fb77) Importer(815301076,1909f56bfc062723c751e8b465ee728b)  -> (artifact id: '0828a044348b08061ee6b37230e188e2') in 0.207541 seconds 
========================================================================
Received Import Request.
  Time since last request: 0.000018 seconds.
  path: Assets/HandyHandPack/Textures/WinterGloves_MetallicSmoothness.png
  artifactKey: Guid(37c8f1d7221dd134ba8b289b149cd2f5) Importer(815301076,1909f56bfc062723c751e8b465ee728b)
Start importing Assets/HandyHandPack/Textures/WinterGloves_MetallicSmoothness.png using Guid(37c8f1d7221dd134ba8b289b149cd2f5) Importer(815301076,1909f56bfc062723c751e8b465ee728b)  -> (artifact id: '94d2a929896aa1f0c92c4677ec5201f4') in 0.059981 seconds 
========================================================================
Received Import Request.
  Time since last request: 0.000021 seconds.
  path: Assets/HandyHandPack/Textures/GardenGlove_Red_Albedo.png
  artifactKey: Guid(165ea38bedcfbf944bed6f21e5ef8330) Importer(815301076,1909f56bfc062723c751e8b465ee728b)
Start importing Assets/HandyHandPack/Textures/GardenGlove_Red_Albedo.png using Guid(165ea38bedcfbf944bed6f21e5ef8330) Importer(815301076,1909f56bfc062723c751e8b465ee728b)  -> (artifact id: 'e587d1d5f76ef516883ca8808a2bf669') in 0.117603 seconds 
========================================================================
Received Import Request.
  Time since last request: 0.000014 seconds.
  path: Assets/HandyHandPack/Textures/RobotHand_MetallicSmoothness.tga
  artifactKey: Guid(263916344da30684fb59cd135c1fe521) Importer(815301076,1909f56bfc062723c751e8b465ee728b)
Start importing Assets/HandyHandPack/Textures/RobotHand_MetallicSmoothness.tga using Guid(263916344da30684fb59cd135c1fe521) Importer(815301076,1909f56bfc062723c751e8b465ee728b)  -> (artifact id: '58fad5098ab321ab240b9ddcc7979366') in 0.115428 seconds 
========================================================================
Received Import Request.
  Time since last request: 0.000014 seconds.
  path: Assets/HandyHandPack/Textures/RobotHand_Gold_Albedo.tga
  artifactKey: Guid(46169d29a4d169443a1d3f07e7a8dd63) Importer(815301076,1909f56bfc062723c751e8b465ee728b)
Start importing Assets/HandyHandPack/Textures/RobotHand_Gold_Albedo.tga using Guid(46169d29a4d169443a1d3f07e7a8dd63) Importer(815301076,1909f56bfc062723c751e8b465ee728b)  -> (artifact id: '59230852ccbdf785fe9cd626260de6ba') in 0.265688 seconds 
========================================================================
Received Import Request.
  Time since last request: 0.000024 seconds.
  path: Assets/HandyHandPack/Textures/RobotHand_Gold_MetallicSmoothness.tga
  artifactKey: Guid(2bcef75772f21044497abff335a403fb) Importer(815301076,1909f56bfc062723c751e8b465ee728b)
Start importing Assets/HandyHandPack/Textures/RobotHand_Gold_MetallicSmoothness.tga using Guid(2bcef75772f21044497abff335a403fb) Importer(815301076,1909f56bfc062723c751e8b465ee728b)  -> (artifact id: '2e4305d3da32074bd85f190bf5c0bdf8') in 0.184943 seconds 
========================================================================
Received Import Request.
  Time since last request: 0.000015 seconds.
  path: Assets/HandyHandPack/Textures/LeatherGlove_White_Albedo.png
  artifactKey: Guid(b09edc5ed9969fa479820d2fa7461db7) Importer(815301076,1909f56bfc062723c751e8b465ee728b)
Start importing Assets/HandyHandPack/Textures/LeatherGlove_White_Albedo.png using Guid(b09edc5ed9969fa479820d2fa7461db7) Importer(815301076,1909f56bfc062723c751e8b465ee728b)  -> (artifact id: '41e06c72fb2234ef42b77ca003038929') in 0.124990 seconds 
========================================================================
Received Import Request.
  Time since last request: 0.000015 seconds.
  path: Assets/HandyHandPack/Textures/BoxingGlove_Albedo.png
  artifactKey: Guid(24006734370f0154e8aec6efd6f0e0ac) Importer(815301076,1909f56bfc062723c751e8b465ee728b)
Start importing Assets/HandyHandPack/Textures/BoxingGlove_Albedo.png using Guid(24006734370f0154e8aec6efd6f0e0ac) Importer(815301076,1909f56bfc062723c751e8b465ee728b)  -> (artifact id: 'f1e2b4076679b479ddd7a686a827ab9f') in 0.089637 seconds 
========================================================================
Received Import Request.
  Time since last request: 0.000020 seconds.
  path: Assets/HandyHandPack/Textures/RobotHand_White_Albedo.png
  artifactKey: Guid(e5dbe77355c5d9741a3372f05060f6d5) Importer(815301076,1909f56bfc062723c751e8b465ee728b)
Start importing Assets/HandyHandPack/Textures/RobotHand_White_Albedo.png using Guid(e5dbe77355c5d9741a3372f05060f6d5) Importer(815301076,1909f56bfc062723c751e8b465ee728b)  -> (artifact id: '40e544172ea1921bd6d0c416062f4944') in 0.213194 seconds 
========================================================================
Received Import Request.
  Time since last request: 0.000016 seconds.
  path: Assets/HandyHandPack/Textures/GardenGlove_Black_Albedo.png
  artifactKey: Guid(628e12cef55a0f54d8e5e2f3ccefb31c) Importer(815301076,1909f56bfc062723c751e8b465ee728b)
Start importing Assets/HandyHandPack/Textures/GardenGlove_Black_Albedo.png using Guid(628e12cef55a0f54d8e5e2f3ccefb31c) Importer(815301076,1909f56bfc062723c751e8b465ee728b)  -> (artifact id: '1f5a3c2722fc21fb1973c81365485338') in 0.110069 seconds 
========================================================================
Received Import Request.
  Time since last request: 0.000020 seconds.
  path: Assets/HandyHandPack/Textures/BoxingGlove_Shiny_BaseColor.png
  artifactKey: Guid(65265e5dcd1537a44a608e022d9d7993) Importer(815301076,1909f56bfc062723c751e8b465ee728b)
Start importing Assets/HandyHandPack/Textures/BoxingGlove_Shiny_BaseColor.png using Guid(65265e5dcd1537a44a608e022d9d7993) Importer(815301076,1909f56bfc062723c751e8b465ee728b)  -> (artifact id: '0152e865e363e8005a07dfd192c97ff1') in 0.181567 seconds 
========================================================================
Received Import Request.
  Time since last request: 0.000014 seconds.
  path: Assets/HandyHandPack/Textures/LeatherGlove_Green_Albedo.png
  artifactKey: Guid(40fdc23a91f1e8e41adcbe8c1d4a8c31) Importer(815301076,1909f56bfc062723c751e8b465ee728b)
Start importing Assets/HandyHandPack/Textures/LeatherGlove_Green_Albedo.png using Guid(40fdc23a91f1e8e41adcbe8c1d4a8c31) Importer(815301076,1909f56bfc062723c751e8b465ee728b)  -> (artifact id: '1a3c8f01cf8aef2be46a27e724b3a8f9') in 0.100656 seconds 
========================================================================
Received Import Request.
  Time since last request: 0.000018 seconds.
  path: Assets/HandyHandPack/Textures/BoxingGlove_Black_Albedo.png
  artifactKey: Guid(20aca9ec6bc9a004f8e18262770356d2) Importer(815301076,1909f56bfc062723c751e8b465ee728b)
Start importing Assets/HandyHandPack/Textures/BoxingGlove_Black_Albedo.png using Guid(20aca9ec6bc9a004f8e18262770356d2) Importer(815301076,1909f56bfc062723c751e8b465ee728b)  -> (artifact id: 'a5b1c1fb8ab07a2911061784ad7b273f') in 0.162351 seconds 
========================================================================
Received Import Request.
  Time since last request: 0.000018 seconds.
  path: Assets/HandyHandPack/Textures/LowPolyHand_Light_Albedo.png
  artifactKey: Guid(e5f0d65bcbf8c94438ed34ff09a8b6da) Importer(815301076,1909f56bfc062723c751e8b465ee728b)
Start importing Assets/HandyHandPack/Textures/LowPolyHand_Light_Albedo.png using Guid(e5f0d65bcbf8c94438ed34ff09a8b6da) Importer(815301076,1909f56bfc062723c751e8b465ee728b)  -> (artifact id: 'f191c6963453da9f304df7770861b11b') in 0.074503 seconds 
========================================================================
Received Import Request.
  Time since last request: 0.000012 seconds.
  path: Assets/HandyHandPack/Textures/Zombie_Albedo.png
  artifactKey: Guid(21d5a178e01f1524ba5f57212bb3a104) Importer(815301076,1909f56bfc062723c751e8b465ee728b)
Start importing Assets/HandyHandPack/Textures/Zombie_Albedo.png using Guid(21d5a178e01f1524ba5f57212bb3a104) Importer(815301076,1909f56bfc062723c751e8b465ee728b)  -> (artifact id: 'f4dd4dfab7b22dd2d58e148872ed5fd9') in 0.128466 seconds 
========================================================================
Received Import Request.
  Time since last request: 0.000015 seconds.
  path: Assets/HandyHandPack/Textures/BoxingGlove_White_Albedo.png
  artifactKey: Guid(30dae1de027c79d4c9e2307c1248554f) Importer(815301076,1909f56bfc062723c751e8b465ee728b)
Start importing Assets/HandyHandPack/Textures/BoxingGlove_White_Albedo.png using Guid(30dae1de027c79d4c9e2307c1248554f) Importer(815301076,1909f56bfc062723c751e8b465ee728b)  -> (artifact id: '7612e9e9cdc7990bc18e85be606b6c1b') in 0.115207 seconds 
========================================================================
Received Import Request.
  Time since last request: 0.000019 seconds.
  path: Assets/HandyHandPack/Textures/WinterGloves_Red_Albedo.png
  artifactKey: Guid(a539d27a9a135bb459b4ef8acc080e06) Importer(815301076,1909f56bfc062723c751e8b465ee728b)
Start importing Assets/HandyHandPack/Textures/WinterGloves_Red_Albedo.png using Guid(a539d27a9a135bb459b4ef8acc080e06) Importer(815301076,1909f56bfc062723c751e8b465ee728b)  -> (artifact id: '86cdf28394de217a850f56592ccabd0d') in 0.204274 seconds 
========================================================================
Received Import Request.
  Time since last request: 0.000013 seconds.
  path: Assets/HandyHandPack/Textures/LeatherGlove_MetallicSmoothness.png
  artifactKey: Guid(c49d200500a46ff4b84535d044084ba4) Importer(815301076,1909f56bfc062723c751e8b465ee728b)
Start importing Assets/HandyHandPack/Textures/LeatherGlove_MetallicSmoothness.png using Guid(c49d200500a46ff4b84535d044084ba4) Importer(815301076,1909f56bfc062723c751e8b465ee728b)  -> (artifact id: '8890116f41f5889be6f21792608d4e88') in 0.145583 seconds 
========================================================================
Received Import Request.
  Time since last request: 0.000015 seconds.
  path: Assets/HandyHandPack/Textures/LeatherGlove_Albedo.png
  artifactKey: Guid(f7aad33456f95834491a5a6415309fbb) Importer(815301076,1909f56bfc062723c751e8b465ee728b)
Start importing Assets/HandyHandPack/Textures/LeatherGlove_Albedo.png using Guid(f7aad33456f95834491a5a6415309fbb) Importer(815301076,1909f56bfc062723c751e8b465ee728b)  -> (artifact id: '8ed7c8d92adeedd92b1e62f9f9ff0559') in 0.190219 seconds 
========================================================================
Received Import Request.
  Time since last request: 0.000019 seconds.
  path: Assets/HandyHandPack/Textures/Zombie_MetallicSmoothness.png
  artifactKey: Guid(2b58da40b08f6e04399d2496d17a9c43) Importer(815301076,1909f56bfc062723c751e8b465ee728b)
Start importing Assets/HandyHandPack/Textures/Zombie_MetallicSmoothness.png using Guid(2b58da40b08f6e04399d2496d17a9c43) Importer(815301076,1909f56bfc062723c751e8b465ee728b)  -> (artifact id: 'eb4c998b5b0e314a3a793eddc20a51f9') in 0.200732 seconds 
========================================================================
Received Import Request.
  Time since last request: 0.000012 seconds.
  path: Assets/HandyHandPack/Textures/WinterGloves_White_Albedo.png
  artifactKey: Guid(83154faba0d8d7745807778e2349f3a9) Importer(815301076,1909f56bfc062723c751e8b465ee728b)
Start importing Assets/HandyHandPack/Textures/WinterGloves_White_Albedo.png using Guid(83154faba0d8d7745807778e2349f3a9) Importer(815301076,1909f56bfc062723c751e8b465ee728b)  -> (artifact id: '9abc822ca2e5c1784b30521509421e32') in 0.008788 seconds 
========================================================================
Received Import Request.
  Time since last request: 0.000020 seconds.
  path: Assets/HandyHandPack/Textures/GardenGlove_Albedo.png
  artifactKey: Guid(dfaa21b982157784d88d8d30b42cd725) Importer(815301076,1909f56bfc062723c751e8b465ee728b)
Start importing Assets/HandyHandPack/Textures/GardenGlove_Albedo.png using Guid(dfaa21b982157784d88d8d30b42cd725) Importer(815301076,1909f56bfc062723c751e8b465ee728b)  -> (artifact id: 'bcd3503fdf0eb651d4e6295b8d2c930d') in 0.149383 seconds 
========================================================================
Received Import Request.
  Time since last request: 0.000018 seconds.
  path: Assets/HandyHandPack/Textures/BasicHand_Light_Normal.png
  artifactKey: Guid(5688037424cf68b4f9b1f82c9f1fdae2) Importer(815301076,1909f56bfc062723c751e8b465ee728b)
Start importing Assets/HandyHandPack/Textures/BasicHand_Light_Normal.png using Guid(5688037424cf68b4f9b1f82c9f1fdae2) Importer(815301076,1909f56bfc062723c751e8b465ee728b)  -> (artifact id: '1fb310fde2d38a8052fa7e7839e89496') in 0.350361 seconds 
========================================================================
Received Import Request.
  Time since last request: 0.000022 seconds.
  path: Assets/HandyHandPack/Textures/LeatherGlove_Brown_Albedo.png
  artifactKey: Guid(16043f4f7b08e484a8f3c0e007977f96) Importer(815301076,1909f56bfc062723c751e8b465ee728b)
Start importing Assets/HandyHandPack/Textures/LeatherGlove_Brown_Albedo.png using Guid(16043f4f7b08e484a8f3c0e007977f96) Importer(815301076,1909f56bfc062723c751e8b465ee728b)  -> (artifact id: '2a077d9691268e6851fb0dd4cba5ccf6') in 0.230803 seconds 
========================================================================
Received Import Request.
  Time since last request: 0.000019 seconds.
  path: Assets/HandyHandPack/Textures/BoxingGlove_MetallicSmoothness.png
  artifactKey: Guid(c88371edd9205b147850c20d976e69bf) Importer(815301076,1909f56bfc062723c751e8b465ee728b)
Start importing Assets/HandyHandPack/Textures/BoxingGlove_MetallicSmoothness.png using Guid(c88371edd9205b147850c20d976e69bf) Importer(815301076,1909f56bfc062723c751e8b465ee728b)  -> (artifact id: '4e7baf6e4bb7ea032a50d2c75995d9d1') in 0.230745 seconds 
========================================================================
Received Import Request.
  Time since last request: 0.000017 seconds.
  path: Assets/HandyHandPack/Textures/BoxingGlove_Occlusion.png
  artifactKey: Guid(165ba33fcd63ef04eaee39bb4f11e5b4) Importer(815301076,1909f56bfc062723c751e8b465ee728b)
Start importing Assets/HandyHandPack/Textures/BoxingGlove_Occlusion.png using Guid(165ba33fcd63ef04eaee39bb4f11e5b4) Importer(815301076,1909f56bfc062723c751e8b465ee728b)  -> (artifact id: 'ce7c4afb2398b70241b4ffb5adb0cf9c') in 0.159453 seconds 
========================================================================
Received Import Request.
  Time since last request: 0.000023 seconds.
  path: Assets/HandyHandPack/Textures/GardenGlove_MetallicSmoothness.png
  artifactKey: Guid(4f03dd97c50c139408cf44b6eef1562c) Importer(815301076,1909f56bfc062723c751e8b465ee728b)
Start importing Assets/HandyHandPack/Textures/GardenGlove_MetallicSmoothness.png using Guid(4f03dd97c50c139408cf44b6eef1562c) Importer(815301076,1909f56bfc062723c751e8b465ee728b)  -> (artifact id: '0c17e21b1d453f3731856a27486a83da') in 0.139816 seconds 
Editor requested this worker to shutdown with reason: Scaling down because of idle timeout
AssetImportWorker is now disconnected from the server
Process exiting
Exiting without the bug reporter. Application will terminate with return code 0